<?xml version="1.0" encoding="UTF-8"?>
<!-- Generated by org.testng.reporters.JUnitReportReporter -->
<testsuite skipped="0" hostname="GLENN" name="com.obsqura.ProjectServiceApp.InventoryPageTest" tests="2" failures="0" timestamp="2023-02-02T09:10:06 IST" time="26.112" errors="0">
  <testcase name="verifyClickOnShow" time="13.371" classname="com.obsqura.ProjectServiceApp.InventoryPageTest"/>
  <system-out/>
  <testcase name="verifyClickOnImage" time="12.741" classname="com.obsqura.ProjectServiceApp.InventoryPageTest"/>
  <system-out/>
</testsuite> <!-- com.obsqura.ProjectServiceApp.InventoryPageTest -->
