<?xml version="1.0" encoding="UTF-8"?>
<!-- Generated by org.testng.reporters.JUnitReportReporter -->
<testsuite skipped="0" hostname="GLENN" name="com.obsqura.ProjectServiceApp.LoginPageTest" tests="2" failures="0" timestamp="2023-02-02T09:10:06 IST" time="20.436" errors="0">
  <testcase name="verifyLoginWithInValidUserNameAndPassword" time="10.910" classname="com.obsqura.ProjectServiceApp.LoginPageTest"/>
  <system-out/>
  <testcase name="verifyLoginWithValidUserNameAndPassword" time="9.526" classname="com.obsqura.ProjectServiceApp.LoginPageTest"/>
  <system-out/>
</testsuite> <!-- com.obsqura.ProjectServiceApp.LoginPageTest -->
