<?xml version="1.0" encoding="UTF-8"?>
<!-- Generated by org.testng.reporters.JUnitReportReporter -->
<testsuite hostname="GLENN" name="com.obsqura.ProjectServiceApp.HomePageTest" tests="8" failures="0" timestamp="2 Feb 2023 10:24:12 GMT" time="83.177" errors="0">
  <testcase name="verifyclickOnAddReparation" time="9.398" classname="com.obsqura.ProjectServiceApp.HomePageTest"/>
  <testcase name="verifyClickOnSendSMS" time="8.831" classname="com.obsqura.ProjectServiceApp.HomePageTest"/>
  <testcase name="verifyclickOnSendEmail" time="13.767" classname="com.obsqura.ProjectServiceApp.HomePageTest"/>
  <testcase name="verifyClickOnreparationMoreInfo" time="11.170" classname="com.obsqura.ProjectServiceApp.HomePageTest"/>
  <testcase name="verifyClickOnUserIconSignOut" time="9.084" classname="com.obsqura.ProjectServiceApp.HomePageTest"/>
  <testcase name="verifyClickOnInventoryProductsMoreInfo" time="9.952" classname="com.obsqura.ProjectServiceApp.HomePageTest"/>
  <testcase name="verifyClickOnClientMoreInfo" time="12.377" classname="com.obsqura.ProjectServiceApp.HomePageTest"/>
  <testcase name="verifyClickOnPlusIcon" time="8.598" classname="com.obsqura.ProjectServiceApp.HomePageTest"/>
</testsuite> <!-- com.obsqura.ProjectServiceApp.HomePageTest -->
