<?xml version="1.0" encoding="UTF-8"?>
<!-- Generated by org.testng.reporters.JUnitReportReporter -->
<testsuite hostname="GLENN" name="com.obsqura.ProjectServiceApp.CustomersPageTest" tests="1" failures="0" timestamp="5 Feb 2023 15:31:09 GMT" time="18.373" errors="0">
  <testcase name="verifyEnterDetailsOnAddClientWindow" time="18.373" classname="com.obsqura.ProjectServiceApp.CustomersPageTest"/>
</testsuite> <!-- com.obsqura.ProjectServiceApp.CustomersPageTest -->
