<?xml version="1.0" encoding="UTF-8"?>
<!-- Generated by org.testng.reporters.JUnitReportReporter -->
<testsuite hostname="GLENN" name="com.obsqura.ProjectServiceApp.OrderAndReparationsPagesTest" tests="8" failures="0" timestamp="5 Feb 2023 15:23:16 GMT" time="108.235" errors="0">
  <testcase name="verifyClickOnNextButtonByScrollingDown" time="14.798" classname="com.obsqura.ProjectServiceApp.OrderAndReparationsPagesTest"/>
  <testcase name="verifyClickOnFilterIcon" time="12.003" classname="com.obsqura.ProjectServiceApp.OrderAndReparationsPagesTest"/>
  <testcase name="verifyClickOnExcelButton" time="12.493" classname="com.obsqura.ProjectServiceApp.OrderAndReparationsPagesTest"/>
  <testcase name="verifyClickOnPdfButton" time="17.914" classname="com.obsqura.ProjectServiceApp.OrderAndReparationsPagesTest"/>
  <testcase name="verifyClickOnCompletedRepairsTab" time="11.764" classname="com.obsqura.ProjectServiceApp.OrderAndReparationsPagesTest"/>
  <testcase name="verifyClickOnAddReparationWindowCloseButton" time="12.352" classname="com.obsqura.ProjectServiceApp.OrderAndReparationsPagesTest"/>
  <testcase name="verifyClickOnAddReparationButton" time="12.090" classname="com.obsqura.ProjectServiceApp.OrderAndReparationsPagesTest"/>
  <testcase name="verifyEnterDetailsInFilter" time="14.821" classname="com.obsqura.ProjectServiceApp.OrderAndReparationsPagesTest"/>
</testsuite> <!-- com.obsqura.ProjectServiceApp.OrderAndReparationsPagesTest -->
