<?xml version="1.0" encoding="UTF-8"?>
<!-- Generated by org.testng.reporters.JUnitReportReporter -->
<testsuite hostname="GLENN" name="com.obsqura.ProjectServiceApp.LoginPageTest" tests="2" failures="0" timestamp="2 Feb 2023 10:24:12 GMT" time="16.195" errors="0">
  <testcase name="verifyLoginWithValidUserNameAndPassword" time="8.599" classname="com.obsqura.ProjectServiceApp.LoginPageTest"/>
  <testcase name="verifyLoginWithInValidUserNameAndPassword" time="7.596" classname="com.obsqura.ProjectServiceApp.LoginPageTest"/>
</testsuite> <!-- com.obsqura.ProjectServiceApp.LoginPageTest -->
