<?xml version="1.0" encoding="UTF-8"?>
<!-- Generated by org.testng.reporters.JUnitReportReporter -->
<testsuite hostname="GLENN" name="com.obsqura.ProjectServiceApp.CustomersPageTest" tests="11" failures="0" timestamp="2 Feb 2023 10:24:12 GMT" time="137.332" errors="0">
  <testcase name="verifyClickOnViewClientOptionFromDropdown" time="11.378" classname="com.obsqura.ProjectServiceApp.CustomersPageTest"/>
  <testcase name="verifyClickOnGoBackButtonAddClientWindow" time="11.430" classname="com.obsqura.ProjectServiceApp.CustomersPageTest"/>
  <testcase name="verifyEditClientData" time="14.494" classname="com.obsqura.ProjectServiceApp.CustomersPageTest"/>
  <testcase name="verifyClickOnDeleteClientOptionFromDropdown" time="11.653" classname="com.obsqura.ProjectServiceApp.CustomersPageTest"/>
  <testcase name="verifyClickOnConfirmButtonInDelete" time="12.740" classname="com.obsqura.ProjectServiceApp.CustomersPageTest"/>
  <testcase name="verifyEnterDataInSearchField" time="11.408" classname="com.obsqura.ProjectServiceApp.CustomersPageTest"/>
  <testcase name="VerifyClickOnEditClientOptionFromDropdown" time="11.937" classname="com.obsqura.ProjectServiceApp.CustomersPageTest"/>
  <testcase name="verifyEnterDetailsOnAddClientWindow" time="14.793" classname="com.obsqura.ProjectServiceApp.CustomersPageTest"/>
  <testcase name="verifyclickOnActionButtonInTable" time="12.343" classname="com.obsqura.ProjectServiceApp.CustomersPageTest"/>
  <testcase name="verifyClickOnActionButtonCustomerPage" time="11.469" classname="com.obsqura.ProjectServiceApp.CustomersPageTest"/>
  <testcase name="verifyClickOnAddClientButton" time="13.687" classname="com.obsqura.ProjectServiceApp.CustomersPageTest"/>
</testsuite> <!-- com.obsqura.ProjectServiceApp.CustomersPageTest -->
