<?xml version="1.0" encoding="UTF-8"?>
<!-- Generated by org.testng.reporters.JUnitReportReporter -->
<testsuite hostname="GLENN" name="com.obsqura.ProjectServiceApp.InventoryPageTest" tests="2" failures="0" timestamp="2 Feb 2023 10:24:12 GMT" time="23.487" errors="0">
  <testcase name="verifyClickOnImage" time="13.709" classname="com.obsqura.ProjectServiceApp.InventoryPageTest"/>
  <testcase name="verifyClickOnShow" time="9.778" classname="com.obsqura.ProjectServiceApp.InventoryPageTest"/>
</testsuite> <!-- com.obsqura.ProjectServiceApp.InventoryPageTest -->
