<?xml version="1.0" encoding="UTF-8"?>
<!-- Generated by org.testng.reporters.JUnitReportReporter -->
<testsuite hostname="GLENN" name="com.obsqura.ProjectServiceApp.OrderAndReparationsPagesTest" tests="8" failures="0" timestamp="2 Feb 2023 10:24:12 GMT" time="106.776" errors="0">
  <testcase name="verifyClickOnPdfButton" time="14.299" classname="com.obsqura.ProjectServiceApp.OrderAndReparationsPagesTest"/>
  <testcase name="verifyClickOnAddReparationWindowCloseButton" time="16.838" classname="com.obsqura.ProjectServiceApp.OrderAndReparationsPagesTest"/>
  <testcase name="verifyClickOnNextButtonByScrollingDown" time="14.638" classname="com.obsqura.ProjectServiceApp.OrderAndReparationsPagesTest"/>
  <testcase name="verifyClickOnFilterIcon" time="11.309" classname="com.obsqura.ProjectServiceApp.OrderAndReparationsPagesTest"/>
  <testcase name="verifyClickOnAddReparationButton" time="11.897" classname="com.obsqura.ProjectServiceApp.OrderAndReparationsPagesTest"/>
  <testcase name="verifyClickOnCompletedRepairsTab" time="11.368" classname="com.obsqura.ProjectServiceApp.OrderAndReparationsPagesTest"/>
  <testcase name="verifyClickOnExcelButton" time="12.074" classname="com.obsqura.ProjectServiceApp.OrderAndReparationsPagesTest"/>
  <testcase name="verifyEnterDetailsInFilter" time="14.353" classname="com.obsqura.ProjectServiceApp.OrderAndReparationsPagesTest"/>
</testsuite> <!-- com.obsqura.ProjectServiceApp.OrderAndReparationsPagesTest -->
