<?xml version="1.0" encoding="UTF-8"?>
<!-- Generated by org.testng.reporters.JUnitReportReporter -->
<testsuite hostname="GLENN" name="com.obsqura.ProjectServiceApp.HomePageTest" tests="8" failures="0" timestamp="5 Feb 2023 15:23:16 GMT" time="87.259" errors="0">
  <testcase name="verifyClickOnClientMoreInfo" time="11.219" classname="com.obsqura.ProjectServiceApp.HomePageTest"/>
  <testcase name="verifyclickOnAddReparation" time="9.604" classname="com.obsqura.ProjectServiceApp.HomePageTest"/>
  <testcase name="verifyClickOnPlusIcon" time="8.858" classname="com.obsqura.ProjectServiceApp.HomePageTest"/>
  <testcase name="verifyClickOnreparationMoreInfo" time="11.426" classname="com.obsqura.ProjectServiceApp.HomePageTest"/>
  <testcase name="verifyclickOnSendEmail" time="16.853" classname="com.obsqura.ProjectServiceApp.HomePageTest"/>
  <testcase name="verifyClickOnInventoryProductsMoreInfo" time="10.544" classname="com.obsqura.ProjectServiceApp.HomePageTest"/>
  <testcase name="verifyClickOnSendSMS" time="9.301" classname="com.obsqura.ProjectServiceApp.HomePageTest"/>
  <testcase name="verifyClickOnUserIconSignOut" time="9.454" classname="com.obsqura.ProjectServiceApp.HomePageTest"/>
</testsuite> <!-- com.obsqura.ProjectServiceApp.HomePageTest -->
