<?xml version="1.0" encoding="UTF-8"?>
<!-- Generated by org.testng.reporters.JUnitReportReporter -->
<testsuite hostname="GLENN" name="com.obsqura.ProjectServiceApp.LoginPageTest" tests="2" failures="0" timestamp="7 Feb 2023 05:49:18 GMT" time="20.725" errors="0">
  <testcase name="verifyLoginWithInValidUserNameAndPassword" time="11.141" classname="com.obsqura.ProjectServiceApp.LoginPageTest"/>
  <testcase name="verifyLoginWithValidUserNameAndPassword" time="9.584" classname="com.obsqura.ProjectServiceApp.LoginPageTest"/>
</testsuite> <!-- com.obsqura.ProjectServiceApp.LoginPageTest -->
